The system is: Linux - 2.6.38-9-generic - x86_64
Compiling the C compiler identification source file "CMakeCCompilerId.c" succeeded.
Compiler: /usr/bin/gcc 
Build flags: 
Id flags: 

The output was:
0


Compilation of the C compiler identification source "CMakeCCompilerId.c" produced "a.out"

The C compiler identification is GNU, found in "/home/simon/Projekte/Programmierung/Vala/gnome-pie/build/CMakeFiles/CompilerIdC/a.out"

Determining if the C compiler works passed with the following output:
Change Dir: /home/simon/Projekte/Programmierung/Vala/gnome-pie/build/CMakeFiles/CMakeTmp

Run Build Command:/usr/bin/make "cmTryCompileExec/fast"
/usr/bin/make -f CMakeFiles/cmTryCompileExec.dir/build.make CMakeFiles/cmTryCompileExec.dir/build
make[1]: Betrete Verzeichnis '/home/simon/Projekte/Programmierung/Vala/gnome-pie/build/CMakeFiles/CMakeTmp'
/usr/bin/cmake -E cmake_progress_report /home/simon/Projekte/Programmierung/Vala/gnome-pie/build/CMakeFiles/CMakeTmp/CMakeFiles 1
Building C object CMakeFiles/cmTryCompileExec.dir/testCCompiler.c.o
/usr/bin/gcc    -o CMakeFiles/cmTryCompileExec.dir/testCCompiler.c.o   -c /home/simon/Projekte/Programmierung/Vala/gnome-pie/build/CMakeFiles/CMakeTmp/testCCompiler.c
Linking C executable cmTryCompileExec
/usr/bin/cmake -E cmake_link_script CMakeFiles/cmTryCompileExec.dir/link.txt --verbose=1
/usr/bin/gcc        CMakeFiles/cmTryCompileExec.dir/testCCompiler.c.o  -o cmTryCompileExec -rdynamic 
make[1]: Verlasse Verzeichnis '/home/simon/Projekte/Programmierung/Vala/gnome-pie/build/CMakeFiles/CMakeTmp'


Detecting C compiler ABI info compiled with the following output:
Change Dir: /home/simon/Projekte/Programmierung/Vala/gnome-pie/build/CMakeFiles/CMakeTmp

Run Build Command:/usr/bin/make "cmTryCompileExec/fast"
/usr/bin/make -f CMakeFiles/cmTryCompileExec.dir/build.make CMakeFiles/cmTryCompileExec.dir/build
make[1]: Betrete Verzeichnis '/home/simon/Projekte/Programmierung/Vala/gnome-pie/build/CMakeFiles/CMakeTmp'
/usr/bin/cmake -E cmake_progress_report /home/simon/Projekte/Programmierung/Vala/gnome-pie/build/CMakeFiles/CMakeTmp/CMakeFiles 1
Building C object CMakeFiles/cmTryCompileExec.dir/CMakeCCompilerABI.c.o
/usr/bin/gcc    -o CMakeFiles/cmTryCompileExec.dir/CMakeCCompilerABI.c.o   -c /usr/share/cmake-2.8/Modules/CMakeCCompilerABI.c
Linking C executable cmTryCompileExec
/usr/bin/cmake -E cmake_link_script CMakeFiles/cmTryCompileExec.dir/link.txt --verbose=1
/usr/bin/gcc       -v CMakeFiles/cmTryCompileExec.dir/CMakeCCompilerABI.c.o  -o cmTryCompileExec -rdynamic  
Using built-in specs.
COLLECT_GCC=/usr/bin/gcc
COLLECT_LTO_WRAPPER=/usr/lib/x86_64-linux-gnu/gcc/x86_64-linux-gnu/4.6.1/lto-wrapper
Target: x86_64-linux-gnu
Configured with: ../src/configure -v --with-pkgversion='Ubuntu 4.6.0-1ubuntu1~ppa2' --with-bugurl=file:///usr/share/doc/gcc-4.6/README.Bugs --enable-languages=c,c++,fortran,objc,obj-c++,go --prefix=/usr --program-suffix=-4.6 --enable-shared --enable-multiarch --with-multiarch-defaults=x86_64-linux-gnu --enable-linker-build-id --with-system-zlib --libexecdir=/usr/lib/x86_64-linux-gnu --without-included-gettext --enable-threads=posix --with-gxx-include-dir=/usr/include/c++/4.6 --libdir=/usr/lib/x86_64-linux-gnu --enable-nls --with-sysroot=/ --enable-clocale=gnu --enable-libstdcxx-debug --enable-libstdcxx-time=yes --enable-plugin --enable-gold --enable-ld=default --with-plugin-ld=ld.gold --enable-objc-gc --disable-werror --with-arch-32=i686 --with-tune=generic --enable-checking=release --build=x86_64-linux-gnu --host=x86_64-linux-gnu --target=x86_64-linux-gnu
Thread model: posix
gcc version 4.6.1 20110326 (prerelease) (Ubuntu 4.6.0-1ubuntu1~ppa2) 
COMPILER_PATH=/usr/lib/x86_64-linux-gnu/gcc/x86_64-linux-gnu/4.6.1/:/usr/lib/x86_64-linux-gnu/gcc/x86_64-linux-gnu/4.6.1/:/usr/lib/x86_64-linux-gnu/gcc/x86_64-linux-gnu/:/usr/lib/x86_64-linux-gnu/gcc/x86_64-linux-gnu/4.6.1/:/usr/lib/x86_64-linux-gnu/gcc/x86_64-linux-gnu/
LIBRARY_PATH=/usr/lib/x86_64-linux-gnu/gcc/x86_64-linux-gnu/4.6.1/:/usr/lib/x86_64-linux-gnu/gcc/x86_64-linux-gnu/4.6.1/../../../:/lib/:/usr/lib/:/usr/lib/x86_64-linux-gnu/
COLLECT_GCC_OPTIONS='-v' '-o' 'cmTryCompileExec' '-rdynamic' '-mtune=generic' '-march=x86-64'
 /usr/lib/x86_64-linux-gnu/gcc/x86_64-linux-gnu/4.6.1/collect2 --build-id --no-add-needed --as-needed --eh-frame-hdr -m elf_x86_64 --hash-style=gnu -export-dynamic -dynamic-linker /lib64/ld-linux-x86-64.so.2 -z relro -o cmTryCompileExec /usr/lib/x86_64-linux-gnu/gcc/x86_64-linux-gnu/4.6.1/../../../crt1.o /usr/lib/x86_64-linux-gnu/gcc/x86_64-linux-gnu/4.6.1/../../../crti.o /usr/lib/x86_64-linux-gnu/gcc/x86_64-linux-gnu/4.6.1/crtbegin.o -L/usr/lib/x86_64-linux-gnu/gcc/x86_64-linux-gnu/4.6.1 -L/usr/lib/x86_64-linux-gnu/gcc/x86_64-linux-gnu/4.6.1/../../.. -L/usr/lib/x86_64-linux-gnu CMakeFiles/cmTryCompileExec.dir/CMakeCCompilerABI.c.o -lgcc --as-needed -lgcc_s --no-as-needed -lc -lgcc --as-needed -lgcc_s --no-as-needed /usr/lib/x86_64-linux-gnu/gcc/x86_64-linux-gnu/4.6.1/crtend.o /usr/lib/x86_64-linux-gnu/gcc/x86_64-linux-gnu/4.6.1/../../../crtn.o
make[1]: Verlasse Verzeichnis '/home/simon/Projekte/Programmierung/Vala/gnome-pie/build/CMakeFiles/CMakeTmp'


Parsed C implicit link information from above output:
  link line regex: [^( *|.*[/\])(ld|ld|collect2)[^/\]*( |$)]
  ignore line: [Change Dir: /home/simon/Projekte/Programmierung/Vala/gnome-pie/build/CMakeFiles/CMakeTmp]
  ignore line: []
  ignore line: [Run Build Command:/usr/bin/make "cmTryCompileExec/fast"]
  ignore line: [/usr/bin/make -f CMakeFiles/cmTryCompileExec.dir/build.make CMakeFiles/cmTryCompileExec.dir/build]
  ignore line: [make[1]: Betrete Verzeichnis '/home/simon/Projekte/Programmierung/Vala/gnome-pie/build/CMakeFiles/CMakeTmp']
  ignore line: [/usr/bin/cmake -E cmake_progress_report /home/simon/Projekte/Programmierung/Vala/gnome-pie/build/CMakeFiles/CMakeTmp/CMakeFiles 1]
  ignore line: [Building C object CMakeFiles/cmTryCompileExec.dir/CMakeCCompilerABI.c.o]
  ignore line: [/usr/bin/gcc    -o CMakeFiles/cmTryCompileExec.dir/CMakeCCompilerABI.c.o   -c /usr/share/cmake-2.8/Modules/CMakeCCompilerABI.c]
  ignore line: [Linking C executable cmTryCompileExec]
  ignore line: [/usr/bin/cmake -E cmake_link_script CMakeFiles/cmTryCompileExec.dir/link.txt --verbose=1]
  ignore line: [/usr/bin/gcc       -v CMakeFiles/cmTryCompileExec.dir/CMakeCCompilerABI.c.o  -o cmTryCompileExec -rdynamic  ]
  ignore line: [Using built-in specs.]
  ignore line: [COLLECT_GCC=/usr/bin/gcc]
  ignore line: [COLLECT_LTO_WRAPPER=/usr/lib/x86_64-linux-gnu/gcc/x86_64-linux-gnu/4.6.1/lto-wrapper]
  ignore line: [Target: x86_64-linux-gnu]
  ignore line: [Configured with: ../src/configure -v --with-pkgversion='Ubuntu 4.6.0-1ubuntu1~ppa2' --with-bugurl=file:///usr/share/doc/gcc-4.6/README.Bugs --enable-languages=c,c++,fortran,objc,obj-c++,go --prefix=/usr --program-suffix=-4.6 --enable-shared --enable-multiarch --with-multiarch-defaults=x86_64-linux-gnu --enable-linker-build-id --with-system-zlib --libexecdir=/usr/lib/x86_64-linux-gnu --without-included-gettext --enable-threads=posix --with-gxx-include-dir=/usr/include/c++/4.6 --libdir=/usr/lib/x86_64-linux-gnu --enable-nls --with-sysroot=/ --enable-clocale=gnu --enable-libstdcxx-debug --enable-libstdcxx-time=yes --enable-plugin --enable-gold --enable-ld=default --with-plugin-ld=ld.gold --enable-objc-gc --disable-werror --with-arch-32=i686 --with-tune=generic --enable-checking=release --build=x86_64-linux-gnu --host=x86_64-linux-gnu --target=x86_64-linux-gnu]
  ignore line: [Thread model: posix]
  ignore line: [gcc version 4.6.1 20110326 (prerelease) (Ubuntu 4.6.0-1ubuntu1~ppa2) ]
  ignore line: [COMPILER_PATH=/usr/lib/x86_64-linux-gnu/gcc/x86_64-linux-gnu/4.6.1/:/usr/lib/x86_64-linux-gnu/gcc/x86_64-linux-gnu/4.6.1/:/usr/lib/x86_64-linux-gnu/gcc/x86_64-linux-gnu/:/usr/lib/x86_64-linux-gnu/gcc/x86_64-linux-gnu/4.6.1/:/usr/lib/x86_64-linux-gnu/gcc/x86_64-linux-gnu/]
  ignore line: [LIBRARY_PATH=/usr/lib/x86_64-linux-gnu/gcc/x86_64-linux-gnu/4.6.1/:/usr/lib/x86_64-linux-gnu/gcc/x86_64-linux-gnu/4.6.1/../../../:/lib/:/usr/lib/:/usr/lib/x86_64-linux-gnu/]
  ignore line: [COLLECT_GCC_OPTIONS='-v' '-o' 'cmTryCompileExec' '-rdynamic' '-mtune=generic' '-march=x86-64']
  link line: [ /usr/lib/x86_64-linux-gnu/gcc/x86_64-linux-gnu/4.6.1/collect2 --build-id --no-add-needed --as-needed --eh-frame-hdr -m elf_x86_64 --hash-style=gnu -export-dynamic -dynamic-linker /lib64/ld-linux-x86-64.so.2 -z relro -o cmTryCompileExec /usr/lib/x86_64-linux-gnu/gcc/x86_64-linux-gnu/4.6.1/../../../crt1.o /usr/lib/x86_64-linux-gnu/gcc/x86_64-linux-gnu/4.6.1/../../../crti.o /usr/lib/x86_64-linux-gnu/gcc/x86_64-linux-gnu/4.6.1/crtbegin.o -L/usr/lib/x86_64-linux-gnu/gcc/x86_64-linux-gnu/4.6.1 -L/usr/lib/x86_64-linux-gnu/gcc/x86_64-linux-gnu/4.6.1/../../.. -L/usr/lib/x86_64-linux-gnu CMakeFiles/cmTryCompileExec.dir/CMakeCCompilerABI.c.o -lgcc --as-needed -lgcc_s --no-as-needed -lc -lgcc --as-needed -lgcc_s --no-as-needed /usr/lib/x86_64-linux-gnu/gcc/x86_64-linux-gnu/4.6.1/crtend.o /usr/lib/x86_64-linux-gnu/gcc/x86_64-linux-gnu/4.6.1/../../../crtn.o]
    arg [/usr/lib/x86_64-linux-gnu/gcc/x86_64-linux-gnu/4.6.1/collect2] ==> ignore
    arg [--build-id] ==> ignore
    arg [--no-add-needed] ==> ignore
    arg [--as-needed] ==> ignore
    arg [--eh-frame-hdr] ==> ignore
    arg [-m] ==> ignore
    arg [elf_x86_64] ==> ignore
    arg [--hash-style=gnu] ==> ignore
    arg [-export-dynamic] ==> ignore
    arg [-dynamic-linker] ==> ignore
    arg [/lib64/ld-linux-x86-64.so.2] ==> ignore
    arg [-zrelro] ==> ignore
    arg [-o] ==> ignore
    arg [cmTryCompileExec] ==> ignore
    arg [/usr/lib/x86_64-linux-gnu/gcc/x86_64-linux-gnu/4.6.1/../../../crt1.o] ==> ignore
    arg [/usr/lib/x86_64-linux-gnu/gcc/x86_64-linux-gnu/4.6.1/../../../crti.o] ==> ignore
    arg [/usr/lib/x86_64-linux-gnu/gcc/x86_64-linux-gnu/4.6.1/crtbegin.o] ==> ignore
    arg [-L/usr/lib/x86_64-linux-gnu/gcc/x86_64-linux-gnu/4.6.1] ==> dir [/usr/lib/x86_64-linux-gnu/gcc/x86_64-linux-gnu/4.6.1]
    arg [-L/usr/lib/x86_64-linux-gnu/gcc/x86_64-linux-gnu/4.6.1/../../..] ==> dir [/usr/lib/x86_64-linux-gnu/gcc/x86_64-linux-gnu/4.6.1/../../..]
    arg [-L/usr/lib/x86_64-linux-gnu] ==> dir [/usr/lib/x86_64-linux-gnu]
    arg [CMakeFiles/cmTryCompileExec.dir/CMakeCCompilerABI.c.o] ==> ignore
    arg [-lgcc] ==> lib [gcc]
    arg [--as-needed] ==> ignore
    arg [-lgcc_s] ==> lib [gcc_s]
    arg [--no-as-needed] ==> ignore
    arg [-lc] ==> lib [c]
    arg [-lgcc] ==> lib [gcc]
    arg [--as-needed] ==> ignore
    arg [-lgcc_s] ==> lib [gcc_s]
    arg [--no-as-needed] ==> ignore
    arg [/usr/lib/x86_64-linux-gnu/gcc/x86_64-linux-gnu/4.6.1/crtend.o] ==> ignore
    arg [/usr/lib/x86_64-linux-gnu/gcc/x86_64-linux-gnu/4.6.1/../../../crtn.o] ==> ignore
  remove lib [gcc]
  remove lib [gcc_s]
  remove lib [gcc]
  remove lib [gcc_s]
  collapse dir [/usr/lib/x86_64-linux-gnu/gcc/x86_64-linux-gnu/4.6.1] ==> [/usr/lib/x86_64-linux-gnu/gcc/x86_64-linux-gnu/4.6.1]
  collapse dir [/usr/lib/x86_64-linux-gnu/gcc/x86_64-linux-gnu/4.6.1/../../..] ==> [/usr/lib/x86_64-linux-gnu]
  collapse dir [/usr/lib/x86_64-linux-gnu] ==> [/usr/lib/x86_64-linux-gnu]
  implicit libs: [c]
  implicit dirs: [/usr/lib/x86_64-linux-gnu/gcc/x86_64-linux-gnu/4.6.1;/usr/lib/x86_64-linux-gnu]


